{
  "RSpec": {
    "coverage": {
      "/Users/halan/Code/punchclock/spec/support/controller_macros.rb": [
        1,
        1,
        5,
        12,
        12,
        12,
        null,
        null,
        null
      ],
      "/Users/halan/Code/punchclock/spec/support/request_helper.rb": [
        1,
        1,
        13,
        13,
        13,
        null,
        null,
        1,
        13,
        null,
        null
      ],
      "/Users/halan/Code/punchclock/gem/ruby/2.1.0/gems/activerecord-4.0.2/lib/active_record/schema_migration.rb": [
        1,
        1,
        1,
        null,
        1,
        1,
        null,
        1,
        6,
        null,
        null,
        1,
        0,
        null,
        null,
        1,
        0,
        0,
        0,
        null,
        0,
        0,
        null,
        0,
        null,
        null,
        null,
        1,
        0,
        0,
        0,
        null,
        null,
        null,
        1,
        25,
        null,
        null,
        null
      ],
      "/Users/halan/Code/punchclock/gem/ruby/2.1.0/gems/activerecord-4.0.2/lib/active_record/connection_adapters/abstract/transaction.rb": [
        1,
        1,
        1,
        1,
        null,
        1,
        516,
        516,
        null,
        null,
        1,
        389,
        null,
        null,
        null,
        1,
        1,
        null,
        1,
        null,
        1,
        516,
        516,
        null,
        null,
        1,
        7,
        null,
        null,
        1,
        7,
        null,
        null,
        1,
        515,
        0,
        null,
        515,
        null,
        null,
        null,
        1,
        1,
        778,
        null,
        null,
        1,
        126,
        null,
        null,
        1,
        0,
        null,
        null,
        1,
        0,
        null,
        null,
        1,
        0,
        null,
        null,
        null,
        1,
        null,
        null,
        null,
        1,
        1,
        1,
        null,
        1,
        515,
        null,
        515,
        515,
        515,
        515,
        null,
        null,
        null,
        null,
        null,
        1,
        1559,
        null,
        null,
        1,
        392,
        null,
        null,
        1,
        1167,
        389,
        null,
        778,
        null,
        null,
        null,
        1,
        389,
        0,
        null,
        389,
        null,
        null,
        null,
        1,
        126,
        126,
        126,
        null,
        null,
        1,
        389,
        389,
        389,
        null,
        null,
        1,
        392,
        385,
        null,
        7,
        null,
        null,
        null,
        1,
        126,
        126,
        0,
        0,
        null,
        0,
        null,
        null,
        null,
        null,
        1,
        0,
        0,
        0,
        0,
        null,
        0,
        null,
        null,
        null,
        null,
        1,
        0,
        null,
        null,
        1,
        126,
        null,
        null,
        null,
        1,
        1,
        126,
        null,
        126,
        0,
        null,
        126,
        null,
        null,
        null,
        1,
        126,
        126,
        null,
        null,
        1,
        0,
        0,
        null,
        null,
        null,
        1,
        1,
        389,
        0,
        null,
        null,
        389,
        389,
        null,
        null,
        1,
        0,
        0,
        null,
        null,
        1,
        389,
        389,
        389,
        null,
        null,
        null,
        null
      ],
      "/Users/halan/Code/punchclock/gem/ruby/2.1.0/gems/activerecord-4.0.2/lib/active_record/result.rb": [
        1,
        null,
        null,
        null,
        null,
        null,
        null,
        1,
        1,
        null,
        1,
        null,
        1,
        848,
        848,
        848,
        848,
        null,
        null,
        1,
        884,
        null,
        null,
        1,
        0,
        null,
        null,
        1,
        1,
        null,
        null,
        1,
        0,
        null,
        null,
        1,
        0,
        null,
        null,
        1,
        0,
        null,
        null,
        1,
        0,
        null,
        null,
        1,
        193,
        193,
        193,
        null,
        null,
        1,
        1,
        null,
        null,
        null,
        null,
        5879,
        488,
        null,
        null,
        null,
        null,
        396,
        null,
        396,
        396,
        null,
        396,
        4119,
        4119,
        null,
        null,
        396,
        null,
        488,
        null,
        null,
        null
      ],
      "/Users/halan/Code/punchclock/gem/ruby/2.1.0/gems/devise-3.0.3/lib/devise/test_helpers.rb": [
        1,
        null,
        null,
        null,
        null,
        null,
        null,
        null,
        1,
        1,
        7,
        7,
        null,
        null,
        null,
        null,
        1,
        null,
        54,
        null,
        null,
        null,
        1,
        27,
        null,
        null,
        null,
        1,
        null,
        27,
        27,
        null,
        27,
        51,
        null,
        null,
        null,
        null,
        null,
        null,
        null,
        null,
        null,
        null,
        1,
        12,
        12,
        12,
        12,
        null,
        null,
        null,
        null,
        null,
        null,
        null,
        null,
        null,
        null,
        1,
        0,
        0,
        0,
        0,
        null,
        null,
        1,
        null,
        null,
        null,
        1,
        27,
        null,
        27,
        null,
        27,
        null,
        null,
        null,
        27,
        null,
        0,
        0,
        null,
        0,
        null,
        null,
        0,
        null,
        27,
        null,
        null,
        null,
        1,
        0,
        0,
        0,
        null,
        0,
        null,
        0,
        0,
        null,
        0,
        null,
        0,
        0,
        0,
        null,
        0,
        0,
        null,
        0,
        null,
        null,
        null,
        null,
        null,
        null,
        0,
        null,
        0,
        0,
        0,
        0,
        null,
        null,
        0,
        null,
        null,
        null
      ],
      "/Users/halan/Code/punchclock/gem/ruby/2.1.0/gems/warden-1.2.3/lib/warden/test/helpers.rb": [
        null,
        null,
        1,
        1,
        null,
        null,
        null,
        1,
        1,
        4,
        null,
        null,
        null,
        null,
        null,
        null,
        1,
        13,
        13,
        13,
        null,
        null,
        null,
        null,
        null,
        null,
        null,
        null,
        1,
        0,
        0,
        null,
        null,
        null,
        null,
        null
      ],
      "/Users/halan/Code/punchclock/app/controllers/company_controller.rb": [
        1,
        1,
        1,
        null,
        1,
        2,
        1,
        1,
        null,
        1,
        null,
        null,
        null,
        1,
        null,
        1,
        2,
        2,
        null,
        null
      ],
      "/Users/halan/Code/punchclock/gem/ruby/2.1.0/gems/rspec-core-2.14.4/lib/rspec/core/mocking/with_rspec.rb": [
        1,
        null,
        1,
        1,
        1,
        null,
        2,
        null,
        1,
        0,
        null,
        null,
        1,
        126,
        null,
        null,
        1,
        126,
        null,
        null,
        1,
        126,
        null,
        null,
        null,
        null,
        null
      ],
      "/Users/halan/Code/punchclock/gem/ruby/2.1.0/gems/rspec-mocks-2.14.3/lib/rspec/mocks.rb": [
        1,
        1,
        null,
        1,
        null,
        1,
        1,
        1,
        null,
        1,
        252,
        126,
        null,
        126,
        null,
        null,
        1,
        126,
        null,
        null,
        1,
        126,
        null,
        null,
        1,
        478,
        null,
        null,
        1,
        0,
        null,
        null,
        null,
        null,
        null,
        null,
        null,
        null,
        null,
        null,
        null,
        null,
        null,
        null,
        1,
        169,
        null,
        169,
        null,
        null,
        null,
        null,
        null,
        null,
        null,
        null,
        null,
        null,
        null,
        null,
        null,
        1,
        17,
        null,
        17,
        null,
        null,
        null,
        1,
        null,
        null,
        null,
        null,
        null,
        null,
        null,
        null,
        null,
        1,
        0,
        0,
        null,
        0,
        null,
        null,
        null,
        null,
        null,
        1,
        null,
        null,
        null
      ],
      "/Users/halan/Code/punchclock/gem/ruby/2.1.0/gems/rspec-mocks-2.14.3/lib/rspec/mocks/framework.rb": [
        null,
        null,
        null,
        null,
        1,
        1,
        1,
        1,
        1,
        1,
        1,
        1,
        1,
        1,
        1,
        1,
        1,
        1,
        1,
        1,
        1,
        1,
        1,
        1,
        1,
        1,
        1,
        1,
        1,
        1,
        1,
        1,
        1,
        1
      ],
      "/Users/halan/Code/punchclock/gem/ruby/2.1.0/gems/rspec-mocks-2.14.3/lib/rspec/mocks/deprecation.rb": [
        1,
        1,
        1,
        null,
        null,
        null,
        1,
        0,
        0,
        0,
        0,
        null,
        null,
        null,
        null,
        1,
        null,
        null
      ],
      "/Users/halan/Code/punchclock/gem/ruby/2.1.0/gems/rspec-mocks-2.14.3/lib/rspec/mocks/extensions/instance_exec.rb": [
        1,
        1,
        null,
        1,
        1,
        null,
        null,
        null,
        null,
        null,
        null,
        null,
        null,
        null,
        0,
        0,
        0,
        0,
        0,
        0,
        0,
        null,
        0,
        null,
        0,
        0,
        null,
        0,
        null,
        null,
        null,
        null,
        null,
        null
      ],
      "/Users/halan/Code/punchclock/gem/ruby/2.1.0/gems/rspec-mocks-2.14.3/lib/rspec/mocks/instance_method_stasher.rb": [
        1,
        1,
        null,
        1,
        1,
        194,
        194,
        null,
        194,
        null,
        null,
        null,
        1,
        0,
        null,
        null,
        null,
        1,
        194,
        null,
        126,
        126,
        null,
        null,
        1,
        null,
        null,
        1,
        194,
        null,
        null,
        null,
        1,
        312,
        null,
        null,
        1,
        null,
        1,
        134,
        null,
        null,
        null,
        null,
        134,
        null,
        null,
        null,
        null,
        null,
        null,
        null,
        null,
        null,
        null,
        null,
        null,
        null,
        null,
        null,
        134,
        null,
        null,
        null,
        0,
        null,
        null,
        null,
        0,
        null,
        null,
        null,
        1,
        null,
        null,
        1,
        378,
        null,
        null,
        null,
        1,
        194,
        null,
        126,
        126,
        null,
        126,
        126,
        126,
        null,
        null,
        null,
        null,
        null
      ],
      "/Users/halan/Code/punchclock/gem/ruby/2.1.0/gems/rspec-mocks-2.14.3/lib/rspec/mocks/method_double.rb": [
        1,
        1,
        null,
        1,
        null,
        1,
        null,
        null,
        1,
        194,
        194,
        194,
        null,
        194,
        194,
        194,
        194,
        null,
        null,
        null,
        1,
        1092,
        null,
        null,
        null,
        1,
        814,
        null,
        null,
        null,
        1,
        405,
        92,
        313,
        12,
        301,
        0,
        null,
        301,
        null,
        null,
        null,
        1,
        null,
        1,
        0,
        null,
        null,
        null,
        null,
        null,
        1,
        0,
        null,
        0,
        0,
        null,
        null,
        null,
        null,
        null,
        null,
        null,
        0,
        null,
        null,
        0,
        null,
        null,
        null,
        null,
        null,
        null,
        0,
        null,
        null,
        1,
        0,
        0,
        0,
        null,
        null,
        1,
        0,
        0,
        0,
        0,
        null,
        null,
        2,
        1,
        null,
        1,
        null,
        0,
        null,
        null,
        null,
        0,
        0,
        null,
        0,
        null,
        null,
        null,
        null,
        null,
        null,
        null,
        null,
        null,
        null,
        null,
        0,
        null,
        null,
        null,
        1,
        0,
        0,
        null,
        0,
        0,
        null,
        null,
        1,
        null,
        1,
        null,
        null,
        null,
        0,
        null,
        null,
        null,
        null,
        null,
        null,
        null,
        null,
        0,
        0,
        null,
        null,
        null,
        null,
        null,
        null,
        null,
        null,
        null,
        null,
        0,
        null,
        null,
        null,
        1,
        3180,
        null,
        null,
        null,
        1,
        211,
        211,
        211,
        null,
        null,
        null,
        1,
        211,
        null,
        194,
        null,
        null,
        null,
        null,
        null,
        194,
        null,
        null,
        null,
        1,
        405,
        null,
        null,
        null,
        1,
        388,
        null,
        194,
        194,
        194,
        null,
        194,
        null,
        null,
        null,
        1,
        194,
        134,
        null,
        null,
        null,
        1,
        236,
        null,
        null,
        null,
        1,
        388,
        388,
        null,
        null,
        null,
        1,
        388,
        388,
        null,
        null,
        null,
        1,
        42,
        42,
        null,
        42,
        42,
        null,
        null,
        null,
        1,
        0,
        0,
        null,
        null,
        null,
        1,
        169,
        169,
        null,
        169,
        169,
        null,
        null,
        null,
        1,
        0,
        0,
        null,
        null,
        null,
        1,
        0,
        0,
        null,
        null,
        null,
        1,
        0,
        null,
        null,
        null,
        1,
        null,
        null,
        null
      ],
      "/Users/halan/Code/punchclock/gem/ruby/2.1.0/gems/rspec-mocks-2.14.3/lib/rspec/mocks/argument_matchers.rb": [
        1,
        1,
        null,
        null,
        null,
        null,
        null,
        null,
        null,
        null,
        null,
        1,
        null,
        1,
        1,
        0,
        null,
        null,
        null,
        1,
        1,
        null,
        null,
        1,
        0,
        null,
        null,
        null,
        1,
        1,
        0,
        null,
        null,
        null,
        1,
        1,
        0,
        null,
        null,
        1,
        0,
        null,
        null,
        null,
        1,
        1,
        null,
        null,
        1,
        0,
        null,
        null,
        null,
        1,
        1,
        0,
        null,
        null,
        1,
        0,
        null,
        0,
        null,
        null,
        1,
        0,
        null,
        null,
        null,
        1,
        1,
        0,
        null,
        null,
        1,
        0,
        null,
        0,
        null,
        null,
        1,
        0,
        null,
        null,
        null,
        1,
        1,
        0,
        null,
        null,
        1,
        0,
        null,
        null,
        null,
        1,
        1,
        0,
        null,
        null,
        1,
        0,
        null,
        null,
        null,
        1,
        1,
        27,
        null,
        null,
        1,
        27,
        null,
        null,
        null,
        1,
        1,
        0,
        null,
        null,
        1,
        0,
        null,
        null,
        null,
        1,
        1,
        0,
        null,
        null,
        1,
        0,
        null,
        null,
        null,
        null,
        null,
        null,
        null,
        null,
        null,
        1,
        0,
        null,
        null,
        null,
        null,
        null,
        null,
        null,
        1,
        0,
        null,
        null,
        null,
        null,
        null,
        null,
        null,
        1,
        0,
        null,
        null,
        null,
        null,
        null,
        null,
        null,
        null,
        1,
        0,
        null,
        null,
        null,
        null,
        null,
        null,
        null,
        1,
        0,
        null,
        null,
        null,
        null,
        null,
        null,
        null,
        null,
        null,
        null,
        1,
        0,
        null,
        null,
        null,
        null,
        null,
        null,
        null,
        null,
        null,
        1,
        0,
        null,
        null,
        1,
        null,
        null,
        null,
        null,
        null,
        null,
        1,
        0,
        null,
        null,
        1,
        null,
        null,
        null,
        null,
        null,
        1,
        0,
        null,
        null,
        1,
        null,
        1,
        null,
        1,
        0,
        0,
        0,
        null,
        null,
        null,
        null
      ],
      "/Users/halan/Code/punchclock/gem/ruby/2.1.0/gems/rspec-mocks-2.14.3/lib/rspec/mocks/example_methods.rb": [
        1,
        1,
        1,
        1,
        null,
        null,
        null,
        null,
        null,
        null,
        null,
        null,
        null,
        null,
        null,
        null,
        null,
        null,
        null,
        null,
        null,
        null,
        null,
        null,
        null,
        null,
        null,
        null,
        null,
        1,
        31,
        null,
        null,
        null,
        1,
        0,
        0,
        null,
        null,
        null,
        1,
        0,
        0,
        null,
        null,
        null,
        null,
        null,
        null,
        null,
        1,
        0,
        null,
        null,
        null,
        null,
        null,
        null,
        null,
        null,
        null,
        null,
        null,
        null,
        null,
        null,
        null,
        null,
        null,
        null,
        null,
        null,
        null,
        null,
        null,
        null,
        null,
        null,
        null,
        null,
        null,
        null,
        null,
        null,
        null,
        null,
        null,
        null,
        null,
        null,
        null,
        1,
        0,
        null,
        null,
        null,
        null,
        null,
        null,
        null,
        null,
        null,
        null,
        null,
        null,
        null,
        null,
        1,
        0,
        null,
        null,
        null,
        null,
        null,
        null,
        null,
        null,
        null,
        null,
        null,
        null,
        null,
        null,
        null,
        null,
        null,
        null,
        null,
        null,
        1,
        0,
        null,
        null,
        1,
        126,
        null,
        null,
        126,
        null,
        null,
        null,
        1,
        null,
        1,
        31,
        31,
        31,
        null,
        null,
        null,
        null,
        1,
        null,
        null,
        null,
        null
      ],
      "/Users/halan/Code/punchclock/gem/ruby/2.1.0/gems/rspec-mocks-2.14.3/lib/rspec/mocks/proxy.rb": [
        1,
        1,
        null,
        1,
        null,
        null,
        1,
        117,
        117,
        117,
        117,
        117,
        117,
        117,
        117,
        null,
        null,
        null,
        1,
        42,
        null,
        null,
        null,
        null,
        null,
        1,
        0,
        0,
        null,
        null,
        null,
        1,
        0,
        null,
        null,
        null,
        1,
        0,
        null,
        null,
        null,
        1,
        42,
        null,
        42,
        0,
        0,
        null,
        null,
        null,
        42,
        null,
        null,
        null,
        1,
        0,
        null,
        0,
        null,
        null,
        null,
        null,
        null,
        null,
        1,
        0,
        0,
        null,
        0,
        0,
        null,
        null,
        0,
        0,
        null,
        null,
        0,
        0,
        0,
        null,
        null,
        null,
        null,
        null,
        1,
        0,
        0,
        0,
        null,
        null,
        null,
        null,
        null,
        1,
        169,
        null,
        null,
        null,
        1,
        0,
        null,
        null,
        null,
        1,
        311,
        null,
        117,
        null,
        null,
        null,
        1,
        622,
        234,
        null,
        null,
        null,
        1,
        0,
        null,
        null,
        null,
        1,
        0,
        null,
        null,
        null,
        1,
        255,
        null,
        null,
        null,
        1,
        255,
        255,
        255,
        null,
        255,
        213,
        213,
        0,
        null,
        213,
        42,
        42,
        0,
        0,
        0,
        0,
        0,
        0,
        0,
        0,
        null,
        0,
        null,
        null,
        null,
        null,
        1,
        0,
        null,
        null,
        null,
        1,
        0,
        null,
        null,
        null,
        1,
        0,
        null,
        null,
        1,
        null,
        1,
        1481,
        null,
        null,
        1,
        351,
        null,
        null,
        1,
        255,
        42,
        null,
        null,
        null,
        1,
        213,
        0,
        null,
        null,
        null,
        1,
        468,
        null,
        468,
        42,
        42,
        0,
        null,
        null,
        426,
        null,
        null,
        1,
        470,
        null,
        null,
        1,
        0,
        null,
        null,
        null,
        null
      ],
      "/Users/halan/Code/punchclock/gem/ruby/2.1.0/gems/rspec-mocks-2.14.3/lib/rspec/mocks/proxy_for_nil.rb": [
        1,
        1,
        null,
        1,
        null,
        1,
        0,
        0,
        null,
        1,
        1,
        null,
        1,
        0,
        0,
        null,
        null,
        1,
        0,
        0,
        null,
        null,
        1,
        0,
        0,
        null,
        null,
        1,
        null,
        1,
        0,
        0,
        null,
        null,
        null,
        null,
        null
      ],
      "/Users/halan/Code/punchclock/gem/ruby/2.1.0/gems/rspec-mocks-2.14.3/lib/rspec/mocks/test_double.rb": [
        1,
        1,
        null,
        null,
        null,
        1,
        null,
        null,
        null,
        null,
        null,
        null,
        null,
        null,
        1,
        0,
        0,
        null,
        null,
        null,
        null,
        1,
        33,
        null,
        null,
        null,
        null,
        null,
        1,
        0,
        0,
        null,
        null,
        null,
        1,
        33,
        null,
        null,
        null,
        null,
        null,
        null,
        1,
        10,
        null,
        null,
        null,
        1,
        0,
        null,
        null,
        null,
        1,
        0,
        null,
        null,
        1,
        null,
        null,
        1,
        0,
        null,
        null,
        null,
        1,
        33,
        33,
        33,
        null,
        null,
        1,
        null,
        1,
        33,
        null,
        33,
        0,
        0,
        null,
        33,
        null,
        33,
        33,
        null,
        null,
        1,
        0,
        0,
        0,
        0,
        null,
        null,
        0,
        null,
        0,
        0,
        0,
        null,
        0,
        0,
        null,
        null,
        null,
        1,
        33,
        0,
        0,
        null,
        33,
        33,
        33,
        null,
        null,
        1,
        33,
        31,
        2,
        2,
        null,
        null,
        null,
        1,
        33,
        0,
        null,
        null,
        null,
        1,
        null,
        1,
        10,
        null,
        null,
        null,
        null
      ],
      "/Users/halan/Code/punchclock/gem/ruby/2.1.0/gems/rspec-mocks-2.14.3/lib/rspec/mocks/mock.rb": [
        1,
        1,
        1,
        1,
        null,
        null,
        null
      ],
      "/Users/halan/Code/punchclock/gem/ruby/2.1.0/gems/rspec-mocks-2.14.3/lib/rspec/mocks/argument_list_matcher.rb": [
        1,
        null,
        1,
        1,
        null,
        null,
        null,
        null,
        null,
        null,
        null,
        null,
        null,
        null,
        null,
        null,
        null,
        null,
        null,
        null,
        null,
        null,
        null,
        null,
        null,
        null,
        1,
        null,
        1,
        null,
        null,
        null,
        null,
        null,
        null,
        null,
        null,
        null,
        null,
        null,
        1,
        238,
        238,
        238,
        238,
        null,
        238,
        null,
        211,
        null,
        0,
        null,
        54,
        null,
        null,
        null,
        null,
        null,
        null,
        null,
        null,
        null,
        null,
        1,
        255,
        null,
        null,
        1,
        null,
        1,
        27,
        27,
        27,
        null,
        null,
        1,
        27,
        null,
        null,
        54,
        27,
        null,
        null,
        1,
        27,
        null,
        null,
        1,
        27,
        null,
        null,
        1,
        255,
        null,
        null,
        null,
        null
      ],
      "/Users/halan/Code/punchclock/gem/ruby/2.1.0/gems/rspec-mocks-2.14.3/lib/rspec/mocks/message_expectation.rb": [
        1,
        1,
        null,
        1,
        null,
        1,
        1,
        1,
        1,
        null,
        null,
        1,
        null,
        211,
        211,
        211,
        211,
        211,
        211,
        211,
        211,
        211,
        211,
        211,
        211,
        211,
        null,
        211,
        211,
        null,
        null,
        null,
        1,
        0,
        null,
        null,
        null,
        null,
        null,
        null,
        null,
        null,
        null,
        null,
        null,
        null,
        null,
        null,
        null,
        null,
        null,
        null,
        null,
        null,
        null,
        null,
        null,
        null,
        null,
        null,
        null,
        null,
        null,
        null,
        null,
        null,
        null,
        null,
        null,
        null,
        null,
        null,
        1,
        161,
        0,
        null,
        null,
        161,
        null,
        161,
        null,
        0,
        null,
        161,
        null,
        null,
        null,
        null,
        null,
        null,
        null,
        null,
        null,
        null,
        null,
        null,
        null,
        null,
        null,
        null,
        1,
        0,
        0,
        null,
        0,
        null,
        null,
        null,
        null,
        null,
        null,
        null,
        null,
        null,
        null,
        null,
        null,
        null,
        null,
        null,
        null,
        null,
        null,
        null,
        null,
        null,
        null,
        null,
        null,
        1,
        0,
        0,
        null,
        null,
        0,
        null,
        null,
        null,
        null,
        null,
        null,
        null,
        null,
        null,
        null,
        null,
        null,
        null,
        1,
        0,
        null,
        null,
        null,
        null,
        null,
        null,
        null,
        null,
        null,
        1,
        0,
        0,
        0,
        0,
        null,
        null,
        null,
        1,
        255,
        null,
        null,
        null,
        1,
        255,
        0,
        0,
        null,
        null,
        0,
        null,
        null,
        255,
        null,
        255,
        255,
        231,
        24,
        0,
        null,
        null,
        255,
        null,
        null,
        null,
        null,
        1,
        416,
        null,
        null,
        null,
        1,
        null,
        42,
        null,
        null,
        null,
        null,
        null,
        1,
        0,
        null,
        null,
        null,
        1,
        42,
        null,
        0,
        0,
        null,
        null,
        null,
        1,
        42,
        null,
        null,
        null,
        1,
        203,
        null,
        null,
        null,
        1,
        0,
        null,
        null,
        null,
        1,
        0,
        null,
        null,
        null,
        1,
        42,
        null,
        null,
        null,
        1,
        0,
        null,
        null,
        null,
        1,
        0,
        null,
        null,
        null,
        1,
        0,
        0,
        null,
        0,
        null,
        null,
        null,
        1,
        0,
        0,
        null,
        null,
        null,
        null,
        1,
        0,
        null,
        null,
        1,
        0,
        null,
        null,
        null,
        null,
        null,
        null,
        null,
        null,
        null,
        null,
        null,
        null,
        null,
        null,
        null,
        null,
        null,
        null,
        null,
        null,
        null,
        null,
        null,
        null,
        null,
        null,
        1,
        27,
        27,
        27,
        null,
        null,
        null,
        null,
        null,
        null,
        null,
        null,
        1,
        0,
        0,
        0,
        null,
        null,
        null,
        null,
        null,
        null,
        null,
        null,
        1,
        0,
        0,
        null,
        null,
        0,
        0,
        0,
        null,
        null,
        null,
        null,
        null,
        null,
        null,
        null,
        1,
        0,
        0,
        0,
        null,
        null,
        null,
        null,
        null,
        null,
        null,
        null,
        null,
        1,
        0,
        0,
        null,
        null,
        null,
        null,
        1,
        0,
        0,
        0,
        0,
        null,
        null,
        null,
        null,
        null,
        null,
        null,
        1,
        0,
        0,
        0,
        null,
        null,
        null,
        null,
        null,
        null,
        null,
        1,
        0,
        0,
        0,
        null,
        null,
        null,
        null,
        null,
        null,
        null,
        1,
        0,
        0,
        0,
        null,
        null,
        null,
        null,
        null,
        null,
        null,
        null,
        null,
        1,
        0,
        0,
        0,
        0,
        null,
        null,
        null,
        1,
        0,
        null,
        null,
        null,
        1,
        0,
        null,
        null,
        null,
        1,
        0,
        null,
        null,
        1,
        null,
        1,
        0,
        null,
        null,
        1,
        0,
        0,
        0,
        0,
        0,
        0,
        0,
        null,
        null,
        null,
        1,
        0,
        null,
        null,
        1,
        223,
        null,
        null,
        1,
        161,
        null,
        null,
        null,
        null,
        null,
        1,
        1,
        0,
        0,
        0,
        null,
        null,
        1,
        0,
        null,
        null,
        1,
        0,
        null,
        0,
        0,
        0,
        0,
        0,
        null,
        0,
        null,
        0,
        null,
        null,
        null,
        null,
        null,
        1,
        1,
        161,
        null,
        null,
        1,
        215,
        null,
        null,
        1,
        215,
        0,
        null,
        215,
        null,
        null,
        null,
        null,
        null,
        null,
        null,
        1,
        1,
        null,
        1,
        null,
        231,
        231,
        null,
        null,
        1,
        231,
        16,
        null,
        215,
        null,
        null,
        null,
        1,
        255,
        null,
        null,
        1,
        null,
        1,
        486,
        null,
        null,
        null,
        null,
        null,
        1,
        1,
        0,
        null,
        null,
        1,
        null,
        1,
        0,
        null,
        null,
        1,
        0,
        null,
        null,
        1,
        0,
        null,
        null,
        1,
        0,
        null,
        null,
        1,
        0,
        null,
        null,
        1,
        0,
        null,
        null,
        1,
        null,
        1,
        0,
        null,
        null,
        null,
        null,
        null
      ],
      "/Users/halan/Code/punchclock/gem/ruby/2.1.0/gems/rspec-mocks-2.14.3/lib/rspec/mocks/order_group.rb": [
        1,
        1,
        null,
        1,
        1,
        1,
        null,
        null,
        null,
        1,
        0,
        null,
        null,
        null,
        1,
        0,
        null,
        null,
        null,
        1,
        0,
        null,
        null,
        null,
        1,
        255,
        0,
        0,
        null,
        null,
        1,
        126,
        null,
        null,
        1,
        0,
        null,
        null,
        null,
        null
      ],
      "/Users/halan/Code/punchclock/gem/ruby/2.1.0/gems/rspec-mocks-2.14.3/lib/rspec/mocks/errors.rb": [
        1,
        1,
        null,
        1,
        null,
        null,
        null,
        1,
        null,
        null,
        null,
        null
      ],
      "/Users/halan/Code/punchclock/gem/ruby/2.1.0/gems/rspec-mocks-2.14.3/lib/rspec/mocks/error_generator.rb": [
        1,
        1,
        null,
        1,
        1,
        null,
        1,
        117,
        117,
        117,
        null,
        null,
        null,
        1,
        0,
        null,
        null,
        null,
        1,
        0,
        null,
        null,
        null,
        1,
        0,
        0,
        0,
        null,
        null,
        null,
        1,
        0,
        0,
        0,
        null,
        null,
        null,
        1,
        0,
        0,
        0,
        null,
        null,
        null,
        1,
        0,
        0,
        0,
        null,
        null,
        null,
        1,
        null,
        0,
        null,
        null,
        null,
        1,
        null,
        0,
        null,
        null,
        null,
        1,
        0,
        0,
        0,
        0,
        0,
        0,
        null,
        0,
        null,
        null,
        null,
        null,
        1,
        0,
        null,
        null,
        null,
        1,
        0,
        null,
        null,
        null,
        1,
        0,
        null,
        null,
        null,
        1,
        0,
        null,
        null,
        null,
        1,
        0,
        null,
        null,
        null,
        1,
        0,
        null,
        null,
        null,
        null,
        1,
        0,
        null,
        null,
        null,
        null,
        1,
        0,
        null,
        null,
        null,
        1,
        0,
        null,
        null,
        null,
        null,
        null,
        1,
        null,
        1,
        0,
        0,
        0,
        0,
        0,
        0,
        0,
        0,
        null,
        0,
        null,
        null,
        null,
        1,
        0,
        0,
        null,
        null,
        1,
        0,
        null,
        null,
        1,
        0,
        null,
        null,
        1,
        0,
        null,
        null,
        1,
        0,
        null,
        null,
        1,
        0,
        null,
        null,
        1,
        0,
        0,
        0,
        null,
        null,
        1,
        0,
        null,
        null,
        null,
        null,
        null
      ],
      "/Users/halan/Code/punchclock/gem/ruby/2.1.0/gems/rspec-mocks-2.14.3/lib/rspec/mocks/space.rb": [
        1,
        1,
        null,
        1,
        1,
        null,
        1,
        1,
        1,
        null,
        null,
        1,
        126,
        117,
        null,
        null,
        126,
        0,
        null,
        null,
        null,
        1,
        126,
        null,
        126,
        117,
        null,
        null,
        126,
        126,
        126,
        null,
        null,
        1,
        243,
        null,
        null,
        1,
        0,
        0,
        0,
        null,
        null,
        null,
        1,
        0,
        null,
        null,
        1,
        478,
        478,
        117,
        0,
        33,
        null,
        84,
        null,
        null,
        null,
        null,
        1,
        null,
        1,
        28,
        null,
        null,
        1,
        0,
        null,
        0,
        0,
        null,
        0,
        null,
        null,
        0,
        0,
        null,
        null,
        null,
        1,
        506,
        null,
        null,
        null,
        null,
        null
      ],
      "/Users/halan/Code/punchclock/gem/ruby/2.1.0/gems/rspec-mocks-2.14.3/lib/rspec/mocks/extensions/marshal.rb": [
        1,
        1,
        null,
        null,
        1,
        28,
        28,
        null,
        0,
        null,
        null,
        null,
        1,
        1,
        1,
        null,
        null
      ],
      "/Users/halan/Code/punchclock/gem/ruby/2.1.0/gems/rspec-mocks-2.14.3/lib/rspec/mocks/any_instance/chain.rb": [
        1,
        1,
        1,
        1,
        1,
        0,
        0,
        null,
        null,
        1,
        null,
        null,
        null,
        null,
        null,
        null,
        null,
        1,
        14,
        null,
        null,
        null,
        null,
        null,
        null,
        1,
        1,
        1,
        1,
        1,
        1,
        1,
        1,
        1,
        1,
        1,
        1,
        1,
        1,
        null,
        null,
        1,
        null,
        null,
        1,
        0,
        0,
        0,
        null,
        null,
        null,
        null,
        1,
        0,
        0,
        0,
        null,
        null,
        null,
        null,
        null,
        1,
        0,
        null,
        null,
        1,
        0,
        0,
        null,
        null,
        1,
        null,
        1,
        0,
        null,
        null,
        1,
        0,
        null,
        null,
        1,
        0,
        null,
        null,
        1,
        0,
        0,
        0,
        null,
        null,
        null,
        null,
        null
      ],
      "/Users/halan/Code/punchclock/gem/ruby/2.1.0/gems/rspec-mocks-2.14.3/lib/rspec/mocks/any_instance/stub_chain.rb": [
        1,
        1,
        1,
        null,
        1,
        null,
        null,
        1,
        0,
        null,
        null,
        1,
        null,
        1,
        0,
        0,
        0,
        null,
        null,
        1,
        null,
        null,
        null,
        null,
        null,
        null,
        0,
        null,
        null,
        1,
        0,
        0,
        null,
        null,
        null,
        null,
        null,
        null
      ],
      "/Users/halan/Code/punchclock/gem/ruby/2.1.0/gems/rspec-mocks-2.14.3/lib/rspec/mocks/any_instance/stub_chain_chain.rb": [
        1,
        1,
        1,
        null,
        1,
        null,
        1,
        null,
        1,
        0,
        null,
        null,
        1,
        null,
        null,
        null,
        null,
        0,
        null,
        null,
        null,
        null,
        null
      ],
      "/Users/halan/Code/punchclock/gem/ruby/2.1.0/gems/rspec-mocks-2.14.3/lib/rspec/mocks/any_instance/expectation_chain.rb": [
        1,
        1,
        1,
        null,
        1,
        1,
        0,
        null,
        null,
        1,
        0,
        0,
        null,
        null,
        1,
        1,
        null,
        null,
        null,
        null,
        1,
        null,
        1,
        null,
        1,
        0,
        0,
        0,
        null,
        null,
        1,
        null,
        null,
        null,
        null,
        0,
        null,
        null,
        null,
        null,
        null,
        null
      ],
      "/Users/halan/Code/punchclock/gem/ruby/2.1.0/gems/rspec-mocks-2.14.3/lib/rspec/mocks/any_instance/message_chains.rb": [
        1,
        1,
        1,
        null,
        1,
        1,
        0,
        null,
        null,
        null,
        1,
        0,
        0,
        null,
        null,
        null,
        1,
        0,
        null,
        null,
        null,
        1,
        0,
        null,
        null,
        null,
        1,
        0,
        null,
        null,
        null,
        1,
        null,
        0,
        0,
        null,
        null,
        null,
        1,
        0,
        null,
        null,
        null,
        1,
        0,
        0,
        null,
        null,
        1,
        null,
        1,
        0,
        0,
        0,
        null,
        null,
        null,
        null,
        null,
        null
      ],
      "/Users/halan/Code/punchclock/gem/ruby/2.1.0/gems/rspec-mocks-2.14.3/lib/rspec/mocks/any_instance/recorder.rb": [
        1,
        1,
        1,
        null,
        null,
        null,
        null,
        null,
        null,
        null,
        null,
        1,
        null,
        1,
        null,
        1,
        0,
        0,
        0,
        0,
        0,
        null,
        null,
        null,
        null,
        null,
        null,
        1,
        0,
        0,
        0,
        null,
        null,
        0,
        0,
        null,
        null,
        null,
        null,
        null,
        null,
        null,
        null,
        1,
        0,
        0,
        0,
        null,
        null,
        null,
        null,
        null,
        null,
        null,
        null,
        1,
        0,
        0,
        0,
        null,
        null,
        1,
        0,
        null,
        null,
        null,
        null,
        null,
        null,
        1,
        0,
        0,
        null,
        0,
        0,
        null,
        null,
        null,
        null,
        null,
        null,
        1,
        0,
        0,
        null,
        null,
        0,
        0,
        null,
        null,
        null,
        1,
        0,
        null,
        null,
        null,
        1,
        0,
        null,
        null,
        null,
        1,
        0,
        null,
        null,
        null,
        1,
        0,
        0,
        0,
        0,
        null,
        null,
        null,
        1,
        0,
        null,
        null,
        1,
        0,
        null,
        null,
        1,
        0,
        null,
        null,
        1,
        null,
        1,
        0,
        0,
        null,
        null,
        1,
        0,
        0,
        0,
        null,
        null,
        1,
        0,
        0,
        null,
        0,
        null,
        null,
        null,
        1,
        0,
        0,
        0,
        0,
        0,
        null,
        null,
        null,
        1,
        0,
        0,
        null,
        null,
        null,
        1,
        0,
        0,
        0,
        0,
        null,
        null,
        1,
        0,
        null,
        null,
        1,
        0,
        0,
        null,
        null,
        1,
        0,
        0,
        0,
        0,
        null,
        null,
        null,
        null,
        null,
        null,
        null,
        null,
        1,
        0,
        0,
        null,
        null,
        null,
        null,
        null,
        null,
        null,
        null,
        null,
        null,
        null,
        null
      ],
      "/Users/halan/Code/punchclock/gem/ruby/2.1.0/gems/rspec-mocks-2.14.3/lib/rspec/mocks/mutate_const.rb": [
        1,
        1,
        null,
        null,
        null,
        1,
        null,
        null,
        null,
        null,
        null,
        null,
        null,
        null,
        null,
        null,
        null,
        null,
        null,
        null,
        null,
        null,
        null,
        null,
        null,
        null,
        null,
        null,
        1,
        0,
        0,
        null,
        null,
        0,
        0,
        0,
        null,
        null,
        0,
        null,
        null,
        0,
        0,
        null,
        null,
        1,
        0,
        null,
        null,
        1,
        0,
        null,
        null,
        1,
        0,
        null,
        null,
        null,
        1,
        0,
        0,
        null,
        null,
        null,
        1,
        0,
        0,
        0,
        0,
        null,
        null,
        null,
        1,
        0,
        null,
        null,
        null,
        null,
        null,
        1,
        1,
        null,
        null,
        1,
        0,
        0,
        0,
        0,
        null,
        null,
        null,
        1,
        null,
        null,
        null,
        null,
        1,
        null,
        null,
        1,
        null,
        null,
        null,
        1,
        0,
        null,
        null,
        null,
        null,
        1,
        0,
        null,
        null,
        null,
        null,
        1,
        0,
        null,
        null,
        null,
        null,
        1,
        0,
        null,
        null,
        1,
        0,
        null,
        1,
        null,
        null,
        1,
        0,
        0,
        0,
        0,
        0,
        null,
        0,
        null,
        1,
        null,
        null,
        null,
        null,
        null,
        null,
        1,
        0,
        0,
        null,
        null,
        null,
        null,
        1,
        1,
        null,
        null,
        null,
        null,
        null,
        null,
        null,
        null,
        null,
        null,
        null,
        null,
        1,
        0,
        0,
        null,
        0,
        null,
        null,
        0,
        0,
        null,
        null,
        null,
        null,
        null,
        null,
        null,
        null,
        null,
        null,
        null,
        1,
        0,
        null,
        0,
        null,
        null,
        null,
        null,
        null,
        null,
        1,
        1,
        null,
        1,
        null,
        1,
        0,
        0,
        0,
        0,
        0,
        null,
        null,
        1,
        0,
        0,
        null,
        0,
        null,
        null,
        null,
        null,
        null,
        null,
        1,
        1,
        0,
        0,
        null,
        0,
        null,
        null,
        1,
        0,
        0,
        0,
        null,
        0,
        null,
        null,
        1,
        0,
        null,
        null,
        null,
        null,
        null,
        null,
        1,
        1,
        0,
        0,
        null,
        0,
        null,
        0,
        0,
        null,
        0,
        null,
        null,
        1,
        0,
        0,
        0,
        null,
        0,
        null,
        null,
        1,
        0,
        0,
        null,
        null,
        1,
        0,
        0,
        null,
        null,
        null,
        1,
        0,
        null,
        0,
        0,
        0,
        null,
        null,
        null,
        null,
        null,
        null,
        0,
        0,
        0,
        null,
        0,
        0,
        0,
        null,
        null,
        null,
        null,
        null,
        0,
        null,
        0,
        null,
        null,
        null,
        null,
        null,
        null,
        null,
        1,
        1,
        0,
        0,
        0,
        0,
        0,
        null,
        null,
        0,
        0,
        null,
        null,
        0,
        0,
        null,
        null,
        1,
        0,
        0,
        0,
        null,
        0,
        null,
        null,
        1,
        0,
        null,
        null,
        null,
        null,
        null,
        null,
        null,
        null,
        1,
        0,
        0,
        null,
        null,
        null,
        null,
        null,
        null,
        1,
        null,
        null,
        null,
        126,
        null,
        126,
        null,
        null,
        null,
        null,
        null,
        null,
        1,
        252,
        null,
        null,
        null,
        1,
        0,
        null,
        null,
        1,
        0,
        null,
        null,
        null,
        null,
        null,
        null,
        null,
        null,
        1,
        0,
        0,
        null,
        null,
        null,
        null,
        null,
        null,
        null,
        null,
        null,
        1,
        null,
        null
      ],
      "/Users/halan/Code/punchclock/gem/ruby/2.1.0/gems/rspec-mocks-2.14.3/lib/rspec/mocks/matchers/have_received.rb": [
        1,
        1,
        1,
        1,
        1,
        1,
        1,
        null,
        1,
        0,
        0,
        0,
        null,
        null,
        1,
        0,
        0,
        0,
        null,
        null,
        1,
        0,
        0,
        0,
        0,
        null,
        null,
        1,
        0,
        null,
        null,
        1,
        0,
        null,
        null,
        1,
        0,
        null,
        null,
        1,
        7,
        0,
        0,
        null,
        null,
        null,
        1,
        null,
        1,
        0,
        0,
        0,
        null,
        null,
        1,
        0,
        0,
        null,
        null,
        null,
        1,
        0,
        0,
        null,
        null,
        null,
        null,
        1,
        0,
        0,
        null,
        null,
        null,
        1,
        0,
        0,
        null,
        0,
        null,
        null,
        1,
        0,
        0,
        null,
        null,
        1,
        0,
        null,
        null,
        null,
        null,
        null,
        null
      ],
      "/Users/halan/Code/punchclock/gem/ruby/2.1.0/gems/rspec-mocks-2.14.3/lib/rspec/mocks/matchers/receive.rb": [
        1,
        1,
        1,
        1,
        1,
        25,
        25,
        25,
        null,
        null,
        null,
        null,
        null,
        25,
        75,
        null,
        null,
        null,
        1,
        25,
        null,
        1,
        null,
        1,
        null,
        null,
        0,
        null,
        0,
        null,
        1,
        null,
        1,
        0,
        null,
        null,
        1,
        0,
        null,
        null,
        1,
        0,
        null,
        null,
        1,
        0,
        null,
        null,
        1,
        39,
        null,
        38,
        null,
        null,
        null,
        null,
        null,
        null,
        null,
        1,
        null,
        1,
        25,
        25,
        null,
        null,
        1,
        0,
        0,
        null,
        null,
        1,
        25,
        25,
        null,
        25,
        32,
        null,
        null,
        null,
        1,
        1,
        32,
        32,
        32,
        null,
        null,
        1,
        32,
        null,
        null,
        null,
        null,
        null,
        null,
        null
      ],
      "/Users/halan/Code/punchclock/gem/ruby/2.1.0/gems/rspec-mocks-2.14.3/lib/rspec/mocks/stub_chain.rb": [
        1,
        1,
        null,
        1,
        1,
        4,
        null,
        null,
        1,
        null,
        1,
        4,
        4,
        null,
        null,
        1,
        4,
        2,
        0,
        0,
        null,
        2,
        4,
        2,
        null,
        null,
        2,
        null,
        null,
        null,
        1,
        null,
        1,
        4,
        2,
        2,
        2,
        4,
        null,
        null,
        4,
        null,
        null,
        1,
        null,
        2,
        null,
        null,
        null,
        null,
        null
      ],
      "/Users/halan/Code/punchclock/gem/ruby/2.1.0/gems/rspec-mocks-2.14.3/lib/rspec/mocks/targets.rb": [
        1,
        1,
        1,
        1,
        null,
        1,
        1,
        0,
        null,
        null,
        1,
        12,
        8,
        null,
        null,
        null,
        null,
        null,
        null,
        null,
        null,
        null,
        null,
        null,
        1,
        4,
        0,
        null,
        null,
        null,
        null,
        null,
        1,
        null,
        1,
        0,
        null,
        null,
        null,
        1,
        1,
        1,
        1,
        1,
        null,
        null,
        1,
        1,
        1,
        1,
        1,
        null,
        null,
        1,
        1,
        1,
        1,
        1,
        null,
        null,
        1,
        1,
        1,
        1,
        1,
        null,
        null,
        null,
        null
      ],
      "/Users/halan/Code/punchclock/gem/ruby/2.1.0/gems/rspec-mocks-2.14.3/lib/rspec/mocks/syntax.rb": [
        1,
        1,
        null,
        null,
        null,
        1,
        null,
        null,
        null,
        null,
        null,
        null,
        null,
        1,
        274,
        210,
        null,
        169,
        169,
        null,
        null,
        null,
        null,
        null,
        1,
        1,
        null,
        1,
        1,
        17,
        17,
        null,
        null,
        1,
        0,
        0,
        null,
        null,
        1,
        169,
        null,
        null,
        1,
        0,
        null,
        null,
        1,
        0,
        0,
        null,
        null,
        1,
        0,
        0,
        null,
        null,
        1,
        2,
        null,
        null,
        1,
        0,
        0,
        null,
        null,
        1,
        0,
        null,
        null,
        1,
        0,
        null,
        null,
        1,
        1,
        1,
        0,
        null,
        null,
        null,
        null,
        null,
        null,
        null,
        null,
        1,
        0,
        null,
        0,
        0,
        0,
        0,
        0,
        0,
        0,
        0,
        0,
        0,
        0,
        null,
        null,
        0,
        0,
        null,
        null,
        null,
        null,
        null,
        1,
        1,
        null,
        1,
        1,
        25,
        null,
        null,
        1,
        0,
        null,
        null,
        1,
        0,
        null,
        null,
        1,
        0,
        null,
        null,
        null,
        1,
        1,
        0,
        null,
        null,
        null,
        null,
        null,
        null,
        1,
        0,
        null,
        0,
        0,
        0,
        0,
        0,
        null,
        null,
        0,
        0,
        null,
        null,
        null,
        null,
        null,
        1,
        1,
        null,
        null,
        null,
        null,
        1,
        1,
        null,
        null,
        null,
        null,
        1,
        null,
        null,
        null,
        null,
        null,
        1,
        0,
        null,
        null,
        null,
        null,
        null,
        1,
        null,
        null,
        1,
        null,
        1,
        null,
        null,
        null,
        null,
        null,
        null,
        null,
        null,
        null,
        null,
        null,
        null,
        null,
        null,
        null,
        null,
        null,
        null,
        null,
        null,
        null,
        null,
        null,
        null,
        null,
        null,
        null,
        null,
        null,
        null,
        null,
        null,
        null,
        null,
        null,
        null,
        null,
        null,
        null,
        null,
        null,
        null,
        null,
        null,
        null,
        null,
        null,
        null,
        null,
        null,
        null,
        null,
        null,
        null,
        null,
        null,
        null,
        null,
        null,
        null,
        null,
        null,
        null,
        null,
        null,
        null,
        null,
        null,
        null,
        null,
        null,
        null,
        null,
        null,
        null,
        null,
        null,
        null,
        null,
        null,
        null,
        null,
        null,
        null,
        null,
        null,
        null,
        null,
        null,
        null,
        null,
        null,
        null,
        null,
        null,
        null,
        null,
        null,
        null,
        null,
        null,
        null,
        null,
        null,
        null,
        null,
        null,
        null,
        null,
        null,
        null,
        null,
        null,
        null,
        null,
        null,
        null,
        null,
        null,
        null,
        null,
        null,
        null,
        null,
        null,
        null,
        null,
        null,
        null,
        null,
        null,
        null,
        null,
        null,
        null,
        null,
        null,
        null,
        null,
        null,
        null,
        null,
        null,
        null,
        null,
        null,
        null,
        null,
        null,
        null,
        null,
        null,
        null,
        null,
        null,
        null,
        null,
        null,
        null,
        null,
        null,
        null,
        null
      ],
      "/Users/halan/Code/punchclock/gem/ruby/2.1.0/gems/rspec-mocks-2.14.3/lib/rspec/mocks/configuration.rb": [
        1,
        1,
        null,
        1,
        null,
        null,
        null,
        null,
        null,
        null,
        null,
        null,
        null,
        null,
        null,
        null,
        null,
        null,
        null,
        1,
        0,
        0,
        null,
        null,
        null,
        1,
        1,
        1,
        null,
        0,
        null,
        null,
        1,
        1,
        null,
        0,
        null,
        null,
        null,
        1,
        0,
        0,
        0,
        0,
        null,
        null,
        null,
        1,
        1,
        null,
        null,
        1,
        null,
        null,
        null
      ],
      "/Users/halan/Code/punchclock/gem/ruby/2.1.0/gems/rspec-mocks-2.14.3/lib/rspec/mocks/version.rb": [
        1,
        1,
        1,
        1,
        null,
        null,
        null
      ],
      "/Users/halan/Code/punchclock/spec/controllers/home_controller_spec.rb": [
        1,
        null,
        1,
        null,
        1,
        1,
        1,
        1,
        null,
        null,
        null
      ],
      "/Users/halan/Code/punchclock/app/controllers/home_controller.rb": [
        1,
        1,
        null,
        null
      ],
      "/Users/halan/Code/punchclock/spec/controllers/notification_controller_spec.rb": [
        1,
        null,
        1,
        1,
        2,
        2,
        null,
        1,
        1,
        null,
        null,
        1,
        2,
        null,
        1,
        null,
        null,
        null,
        null,
        null,
        1,
        null,
        null,
        1,
        null,
        1,
        1,
        1,
        null,
        null,
        null
      ],
      "/Users/halan/Code/punchclock/app/controllers/notification_controller.rb": [
        1,
        1,
        1,
        null,
        1,
        0,
        null,
        null,
        1,
        1,
        1,
        null,
        null,
        1,
        null,
        1,
        1,
        null,
        null
      ],
      "/Users/halan/Code/punchclock/spec/controllers/passwords_controller_spec.rb": [
        1,
        null,
        1,
        1,
        null,
        1,
        3,
        null,
        1,
        2,
        null,
        null,
        1,
        1,
        1,
        2,
        null,
        null,
        1,
        1,
        1,
        null,
        null,
        null,
        null,
        null,
        null,
        null,
        null,
        1,
        1,
        null,
        null,
        1,
        1,
        null,
        null,
        null,
        1,
        1,
        1,
        null,
        null,
        null,
        null,
        null,
        null,
        null,
        null,
        1,
        1,
        null,
        null,
        1,
        1,
        null,
        null,
        null,
        null,
        null,
        null
      ],
      "/Users/halan/Code/punchclock/app/controllers/passwords_controller.rb": [
        1,
        1,
        null,
        1,
        2,
        1,
        null,
        1,
        1,
        null,
        null,
        null,
        1,
        null,
        1,
        1,
        1,
        null,
        null,
        1,
        1,
        null,
        null,
        1,
        3,
        null,
        null
      ],
      "/Users/halan/Code/punchclock/spec/controllers/projects_controller_spec.rb": [
        1,
        null,
        1,
        1,
        null,
        1,
        3,
        3,
        5,
        null,
        1,
        4,
        4,
        null,
        null,
        1,
        3,
        3,
        1,
        1,
        null,
        null,
        null,
        null,
        1,
        1,
        1,
        1,
        1,
        null,
        null,
        1,
        1,
        null,
        null,
        null,
        null,
        1,
        1,
        1,
        1,
        1,
        null,
        null,
        null,
        1,
        3,
        3,
        null,
        1,
        4,
        null,
        null,
        1,
        3,
        3,
        null,
        1,
        1,
        null,
        null,
        null,
        null,
        null,
        null,
        1,
        1,
        1,
        null,
        null,
        1,
        1,
        null,
        null,
        null,
        null,
        null,
        null,
        1,
        1,
        1,
        null,
        null,
        null,
        null,
        null
      ],
      "/Users/halan/Code/punchclock/app/controllers/projects_controller.rb": [
        1,
        1,
        1,
        null,
        1,
        0,
        null,
        null,
        1,
        0,
        null,
        null,
        1,
        2,
        2,
        2,
        2,
        1,
        1,
        null,
        1,
        1,
        null,
        null,
        null,
        1,
        2,
        1,
        null,
        1,
        null,
        null,
        null,
        1,
        null,
        1,
        4,
        4,
        null,
        null
      ],
      "/Users/halan/Code/punchclock/spec/controllers/punches_controller_spec.rb": [
        1,
        null,
        1,
        9,
        null,
        1,
        14,
        14,
        null,
        null,
        1,
        9,
        1,
        8,
        8,
        null,
        null,
        1,
        3,
        null,
        1,
        1,
        1,
        1,
        1,
        1,
        null,
        null,
        null,
        1,
        null,
        1,
        1,
        null,
        null,
        null,
        null,
        1,
        1,
        1,
        null,
        1,
        null,
        null,
        null,
        null,
        1,
        3,
        null,
        1,
        2,
        2,
        2,
        2,
        2,
        2,
        2,
        2,
        null,
        null,
        1,
        1,
        1,
        null,
        null,
        1,
        1,
        2,
        null,
        null,
        1,
        1,
        1,
        null,
        1,
        null,
        null,
        null,
        null,
        1,
        2,
        null,
        1,
        1,
        1,
        1,
        1,
        1,
        1,
        3,
        1,
        null,
        null,
        1,
        1,
        null,
        null,
        null,
        1,
        1,
        null,
        null,
        null,
        1,
        null,
        4,
        1,
        2,
        4,
        null,
        1,
        3,
        3,
        null,
        null,
        1,
        1,
        2,
        null,
        null,
        1,
        2,
        2,
        null,
        null,
        1,
        1,
        1,
        null,
        null,
        1,
        1,
        1,
        null,
        null,
        null,
        1,
        1,
        1,
        1,
        null,
        null,
        1,
        1,
        1,
        null,
        null,
        null,
        null,
        1,
        1,
        1,
        1,
        null,
        null,
        1,
        null,
        null,
        null,
        null,
        null,
        null,
        null,
        null,
        null,
        null,
        1,
        null,
        null,
        1,
        1,
        1,
        null,
        null,
        null,
        null,
        null,
        1,
        7,
        1,
        6,
        6,
        null,
        null,
        1,
        3,
        1,
        1,
        1,
        1,
        1,
        1,
        null,
        null,
        null,
        null,
        1,
        1,
        1,
        null,
        null,
        null,
        null,
        1,
        1,
        1,
        null,
        1,
        null,
        null,
        null,
        null,
        1,
        1,
        null,
        1,
        0,
        0,
        0,
        0,
        0,
        0,
        0,
        0,
        null,
        null,
        1,
        2,
        null,
        1,
        1,
        1,
        1,
        1,
        1,
        1,
        3,
        1,
        null,
        null,
        1,
        1,
        null,
        null,
        null,
        1,
        1,
        null,
        null,
        null,
        1,
        null,
        4,
        1,
        2,
        4,
        null,
        1,
        3,
        3,
        3,
        null,
        null,
        1,
        1,
        2,
        null,
        null,
        1,
        2,
        2,
        null,
        null,
        1,
        1,
        1,
        null,
        null,
        1,
        1,
        1,
        null,
        null,
        null,
        1,
        1,
        1,
        1,
        null,
        null,
        1,
        1,
        1,
        null,
        null,
        null,
        null,
        1,
        1,
        1,
        1,
        null,
        null,
        1,
        null,
        null,
        null,
        null,
        null,
        null,
        null,
        null,
        null,
        null,
        1,
        null,
        null,
        1,
        1,
        1,
        null,
        null,
        null,
        null,
        null
      ],
      "/Users/halan/Code/punchclock/app/controllers/punches_controller.rb": [
        1,
        1,
        1,
        1,
        null,
        1,
        25,
        25,
        null,
        null,
        25,
        25,
        25,
        null,
        null,
        1,
        0,
        0,
        null,
        0,
        null,
        null,
        1,
        3,
        null,
        null,
        1,
        4,
        null,
        null,
        1,
        5,
        5,
        5,
        null,
        5,
        5,
        null,
        null,
        1,
        3,
        3,
        3,
        null,
        null,
        1,
        1,
        1,
        1,
        null,
        null,
        1,
        null,
        1,
        4,
        null,
        4,
        null,
        null,
        1,
        0,
        0,
        null,
        null,
        1,
        42,
        null,
        null,
        1,
        26,
        6,
        null,
        20,
        null,
        null,
        null,
        1,
        0,
        null,
        null
      ],
      "/Users/halan/Code/punchclock/spec/controllers/users_controller_spec.rb": [
        1,
        null,
        1,
        1,
        null,
        1,
        4,
        null,
        1,
        6,
        3,
        3,
        null,
        null,
        1,
        3,
        null,
        1,
        1,
        1,
        null,
        null,
        null,
        null,
        1,
        1,
        1,
        null,
        null,
        null,
        1,
        1,
        1,
        null,
        null,
        null,
        null,
        1,
        1,
        1,
        null,
        null,
        null,
        null,
        1,
        1,
        1,
        null,
        null,
        null,
        null,
        1,
        null,
        null,
        null,
        1,
        1,
        1,
        null,
        null,
        null,
        null
      ],
      "/Users/halan/Code/punchclock/app/controllers/users_controller.rb": [
        1,
        1,
        1,
        null,
        1,
        3,
        2,
        null,
        3,
        null,
        null,
        1,
        null,
        1,
        3,
        3,
        3,
        null,
        null
      ],
      "/Users/halan/Code/punchclock/spec/decorators/punch_decorator_spec.rb": [
        1,
        null,
        1,
        null,
        null
      ],
      "/Users/halan/Code/punchclock/spec/decorators/punches_decorator_spec.rb": [
        1,
        null,
        1,
        null
      ],
      "/Users/halan/Code/punchclock/app/decorators/punches_decorator.rb": [
        1,
        1,
        null,
        1,
        21,
        null,
        null
      ],
      "/Users/halan/Code/punchclock/spec/features/edit_punch_spec.rb": [
        1,
        null,
        1,
        2,
        2,
        1,
        1,
        null,
        null,
        1,
        1,
        1,
        null,
        1,
        1,
        1,
        1,
        1,
        1,
        null,
        1,
        null,
        null
      ],
      "/Users/halan/Code/punchclock/gem/ruby/2.1.0/gems/warden-1.2.3/lib/warden/test/warden_helpers.rb": [
        null,
        null,
        1,
        null,
        1,
        1,
        null,
        null,
        null,
        1,
        55,
        null,
        null,
        null,
        null,
        null,
        1,
        0,
        null,
        null,
        null,
        null,
        null,
        1,
        13,
        null,
        null,
        null,
        null,
        null,
        1,
        0,
        null,
        null,
        null,
        null,
        1,
        81,
        81,
        null,
        null,
        null,
        null
      ],
      "/Users/halan/Code/punchclock/spec/features/form_punch_spec.rb": [
        1,
        null,
        1,
        7,
        null,
        1,
        null,
        7,
        7,
        null,
        7,
        7,
        7,
        null,
        1,
        6,
        6,
        6,
        null,
        null,
        1,
        1,
        2,
        null,
        null,
        1,
        1,
        null,
        1,
        1,
        null,
        null,
        1,
        null,
        null,
        1,
        1,
        null,
        1,
        1,
        null,
        null,
        1,
        1,
        null,
        null,
        null,
        1,
        2,
        null,
        1,
        1,
        1,
        null,
        null,
        null,
        1,
        4,
        null,
        1,
        1,
        null,
        1,
        1,
        null,
        null,
        1,
        null,
        null,
        1,
        1,
        null,
        1,
        1,
        null,
        null,
        1,
        null,
        null,
        1,
        1,
        null,
        1,
        1,
        1,
        null,
        null,
        1,
        null,
        null,
        null
      ],
      "/Users/halan/Code/punchclock/spec/features/new_punch_spec.rb": [
        1,
        null,
        1,
        2,
        1,
        1,
        null,
        null,
        null,
        1,
        1,
        1,
        null,
        1,
        1,
        1,
        1,
        1,
        1,
        null,
        1,
        null,
        null
      ],
      "/Users/halan/Code/punchclock/spec/features/punches_list_spec.rb": [
        1,
        null,
        1,
        6,
        1,
        5,
        null,
        null,
        null,
        6,
        null,
        1,
        5,
        5,
        5,
        5,
        null,
        null,
        1,
        1,
        1,
        1,
        1,
        1,
        1,
        1,
        null,
        null,
        1,
        1,
        1,
        null,
        null,
        1,
        1,
        1,
        null,
        null,
        1,
        1,
        1,
        null,
        null,
        1,
        1,
        1,
        1,
        1,
        1,
        null,
        null
      ],
      "/Users/halan/Code/punchclock/spec/forms/punches_filter_form_spec.rb": [
        1,
        null,
        1,
        1,
        1,
        5,
        null,
        1,
        4,
        4,
        null,
        null,
        null,
        null,
        1,
        1,
        4,
        null,
        null,
        null,
        null,
        null,
        null,
        null,
        1,
        1,
        null,
        null,
        1,
        1,
        null,
        null,
        1,
        1,
        null,
        null,
        1,
        1,
        null,
        null,
        null,
        null,
        1,
        6,
        null,
        1,
        1,
        1,
        null,
        null,
        1,
        null,
        1,
        null,
        1,
        1,
        null,
        null,
        null,
        1,
        2,
        null,
        1,
        null,
        1,
        1,
        null,
        null,
        null,
        1,
        2,
        null,
        1,
        null,
        1,
        1,
        null,
        null,
        null,
        1,
        2,
        null,
        1,
        1,
        1,
        null,
        null,
        null,
        1,
        2,
        null,
        1,
        null,
        1,
        1,
        null,
        null,
        null,
        null
      ],
      "/Users/halan/Code/punchclock/app/forms/punches_filter_form.rb": [
        1,
        1,
        1,
        null,
        1,
        null,
        1,
        38,
        38,
        38,
        38,
        38,
        null,
        null,
        1,
        30,
        30,
        30,
        30,
        null,
        null,
        1,
        null,
        1,
        30,
        4,
        4,
        null,
        null,
        30,
        5,
        5,
        null,
        null,
        30,
        null,
        null
      ],
      "/Users/halan/Code/punchclock/spec/helpers/application_helper_spec.rb": [
        1,
        null,
        1,
        null,
        null
      ],
      "/Users/halan/Code/punchclock/spec/mailers/notification_mailer_spec.rb": [
        1,
        null,
        1,
        1,
        1,
        7,
        7,
        null,
        1,
        1,
        null,
        null,
        1,
        1,
        null,
        null,
        1,
        1,
        null,
        null,
        1,
        1,
        null,
        null,
        1,
        1,
        null,
        null,
        1,
        1,
        null,
        null,
        null,
        1,
        8,
        8,
        null,
        1,
        1,
        null,
        null,
        1,
        1,
        null,
        null,
        1,
        1,
        null,
        null,
        1,
        1,
        null,
        null,
        1,
        1,
        null,
        null,
        1,
        1,
        null,
        null,
        1,
        1,
        null,
        null,
        null,
        null,
        null,
        1,
        1,
        7,
        null,
[...]
        null,
        1,
        0,
        0,
        null,
        null,
        0,
        null,
        0,
        0,
        null,
        null,
        null,
        1,
        0,
        null,
        0,
        0,
        0,
        null,
        0,
        null,
        null,
        null,
        null,
        null,
        1,
        0,
        0,
        null,
        0,
        0,
        0,
        0,
        null,
        0,
        null,
        null,
        null,
        null,
        1,
        0,
        null,
        0,
        0,
        0,
        null,
        null,
        null,
        null,
        null
      ],
      "/Users/halan/Code/punchclock/gem/ruby/2.1.0/gems/activerecord-4.0.2/lib/active_record/association_relation.rb": [
        1,
        1,
        1,
        253,
        253,
        null,
        null,
        1,
        0,
        null,
        null,
        1,
        null,
        1,
        411,
        null,
        null,
        null
      ],
      "/Users/halan/Code/punchclock/gem/ruby/2.1.0/gems/activerecord-4.0.2/lib/active_record/associations/association_scope.rb": [
        1,
        1,
        1,
        1,
        null,
        1,
        null,
        1,
        1,
        null,
        1,
        195,
        195,
        null,
        null,
        1,
        195,
        195,
        195,
        null,
        null,
        1,
        null,
        1,
        195,
        195,
        null,
        null,
        1,
        195,
        null,
        195,
        195,
        null,
        null,
        1,
        195,
        195,
        null,
        null,
        1,
        195,
        null,
        195,
        195,
        null,
        195,
        0,
        null,
        0,
        null,
        null,
        null,
        null,
        null,
        0,
        null,
        null,
        195,
        119,
        0,
        null,
        119,
        null,
        null,
        119,
        null,
        76,
        76,
        null,
        null,
        195,
        195,
        195,
        null,
        195,
        0,
        0,
        0,
        null,
        null,
        0,
        null,
        0,
        0,
        0,
        null,
        null,
        0,
        null,
        null,
        null,
        null,
        195,
        0,
        0,
        null,
        0,
        0,
        null,
        null,
        0,
        0,
        0,
        null,
        null,
        null,
        195,
        null,
        null,
        1,
        195,
        null,
        null,
        1,
        195,
        null,
        null,
        null,
        195,
        null,
        0,
        null,
        null,
        null,
        1,
        0,
        0,
        null,
        0,
        null,
        null,
        null,
        null,
        null
      ],
      "/Users/halan/Code/punchclock/gem/ruby/2.1.0/gems/actionpack-4.0.2/lib/action_view/template/error.rb": [
        1,
        null,
        1,
        null,
        1,
        null,
        null,
        1,
        null,
        null,
        1,
        null,
        null,
        1,
        1,
        0,
        null,
        null,
        1,
        0,
        0,
        null,
        null,
        null,
        null,
        null,
        null,
        null,
        null,
        1,
        1,
        null,
        1,
        9,
        9,
        9,
        0,
        null,
        0,
        null,
        9,
        null,
        null,
        27,
        null,
        9,
        30,
        9,
        null,
        null,
        null,
        1,
        null,
        null,
        null,
        1,
        1,
        null,
        1,
        null,
        1,
        0,
        0,
        0,
        0,
        null,
        null,
        1,
        0,
        null,
        null,
        1,
        0,
        null,
        0,
        null,
        0,
        null,
        null,
        null,
        1,
        0,
        0,
        null,
        0,
        null,
        0,
        0,
        null,
        0,
        0,
        null,
        0,
        null,
        null,
        1,
        0,
        0,
        null,
        null,
        1,
        null,
        null,
        0,
        0,
        0,
        null,
        null,
        1,
        0,
        null,
        null,
        1,
        null,
        1,
        null,
        0,
        null,
        0,
        0,
        null,
        null,
        1,
        0,
        0,
        0,
        0,
        0,
        null,
        0,
        null,
        null,
        null,
        null,
        null,
        null,
        1,
        null
      ],
      "/Users/halan/Code/punchclock/gem/ruby/2.1.0/gems/activesupport-4.0.2/lib/active_support/message_encryptor.rb": [
        1,
        1,
        1,
        null,
        1,
        null,
        null,
        null,
        null,
        null,
        null,
        null,
        null,
        null,
        null,
        null,
        null,
        null,
        null,
        1,
        1,
        1,
        15,
        null,
        null,
        1,
        28,
        null,
        null,
        null,
        1,
        1,
        null,
        null,
        null,
        null,
        null,
        null,
        null,
        null,
        null,
        null,
        null,
        1,
        28,
        28,
        28,
        28,
        28,
        28,
        28,
        null,
        null,
        null,
        null,
        1,
        28,
        null,
        null,
        null,
        null,
        1,
        15,
        null,
        null,
        1,
        null,
        1,
        28,
        28,
        28,
        null,
        null,
        28,
        null,
        28,
        28,
        null,
        84,
        null,
        null,
        1,
        15,
        45,
        null,
        15,
        15,
        15,
        null,
        15,
        15,
        null,
        15,
        null,
        0,
        null,
        null,
        1,
        43,
        null,
        null,
        1,
        43,
        null,
        null,
        null
      ],
      "/Users/halan/Code/punchclock/gem/ruby/2.1.0/gems/actionpack-4.0.2/lib/action_view/renderer/partial_renderer.rb": [
        1,
        null,
        1,
        null,
        null,
        null,
        null,
        null,
        null,
        null,
        null,
        null,
        null,
        null,
        null,
        null,
        null,
        null,
        null,
        null,
        null,
        null,
        null,
        null,
        null,
        null,
        null,
        null,
        null,
        null,
        null,
        null,
        null,
        null,
        null,
        null,
        null,
        null,
        null,
        null,
        null,
        null,
        null,
        null,
        null,
        null,
        null,
        null,
        null,
        null,
        null,
        null,
        null,
        null,
        null,
        null,
        null,
        null,
        null,
        null,
        null,
        null,
        null,
        null,
        null,
        null,
        null,
        null,
        null,
        null,
        null,
        null,
        null,
        null,
        null,
        null,
        null,
        null,
        null,
        null,
        null,
        null,
        null,
        null,
        null,
        null,
        null,
        null,
        null,
        null,
        null,
        null,
        null,
        null,
        null,
        null,
        null,
        null,
        null,
        null,
        null,
        null,
        null,
        null,
        null,
        null,
        null,
        null,
        null,
        null,
        null,
        null,
        null,
        null,
        null,
        null,
        null,
        null,
        null,
        null,
        null,
        null,
        null,
        null,
        null,
        null,
        null,
        null,
        null,
        null,
        null,
        null,
        null,
        null,
        null,
        null,
        null,
        null,
        null,
        null,
        null,
        null,
        null,
        null,
        null,
        null,
        null,
        null,
        null,
        null,
        null,
        null,
        null,
        null,
        null,
        null,
        null,
        null,
        null,
        null,
        null,
        null,
        null,
        null,
        null,
        null,
        null,
        null,
        null,
        null,
        null,
        null,
        null,
        null,
        null,
        null,
        null,
        null,
        null,
        null,
        null,
        null,
        null,
        null,
        null,
        null,
        null,
        null,
        null,
        null,
        null,
        null,
        null,
        null,
        null,
        null,
        null,
        null,
        null,
        null,
        null,
        null,
        null,
        null,
        null,
        null,
        null,
        null,
        null,
        null,
        null,
        null,
        null,
        null,
        null,
        null,
        null,
        null,
        null,
        null,
        null,
        null,
        null,
        null,
        null,
        null,
        null,
        null,
        null,
        null,
        null,
        null,
        null,
        null,
        null,
        null,
        null,
        null,
        null,
        null,
        null,
        null,
        null,
        null,
        null,
        null,
        null,
        null,
        null,
        null,
        1,
        1,
        0,
        null,
        null,
        1,
        124,
        124,
        null,
        null,
        1,
        124,
        124,
        null,
        124,
        0,
        0,
        null,
        0,
        null,
        null,
        null,
        124,
        0,
        0,
        null,
        null,
        124,
        124,
        null,
        null,
        null,
        null,
        1,
        0,
        null,
        0,
        0,
        null,
        null,
        0,
        0,
        null,
        null,
        1,
        124,
        124,
        null,
        124,
        0,
        null,
        null,
        124,
        124,
        null,
        124,
        0,
        null,
        null,
        124,
        124,
        null,
        null,
        1,
        null,
        null,
        null,
        null,
        null,
        null,
        null,
        null,
        1,
        124,
        124,
        null,
        124,
        124,
        124,
        124,
        null,
        124,
        null,
        124,
        124,
        124,
        124,
        null,
        0,
        null,
        0,
        0,
        0,
        null,
        0,
        null,
        null,
        null,
        124,
        0,
        0,
        null,
        null,
        124,
        124,
        124,
        null,
        0,
        null,
        null,
        124,
        null,
        null,
        1,
        124,
        0,
        0,
        null,
        null,
        null,
        1,
        0,
        null,
        null,
        1,
        124,
        124,
        null,
        null,
        null,
        1,
        124,
        124,
        null,
        null,
        1,
        0,
        0,
        null,
        0,
        0,
        null,
        null,
        0,
        0,
        0,
        0,
        null,
        0,
        0,
        0,
        null,
        null,
        null,
        1,
        0,
        0,
        0,
        null,
        0,
        0,
        0,
        0,
        null,
        0,
        0,
        null,
        0,
        0,
        null,
        null,
        null,
        null,
        null,
        null,
        null,
        null,
        null,
        null,
        1,
        0,
        null,
        0,
        0,
        null,
        0,
        null,
        null,
        0,
        0,
        null,
        0,
        null,
        null,
        null,
        1,
        0,
        null,
        null,
        1,
        0,
        0,
        0,
        0,
        null,
        0,
        0,
        0,
        null,
        null,
        0,
        null,
        0,
        null,
        null,
        null,
        1,
        124,
        124,
        124,
        124,
        null,
        null,
        1,
        124,
        124,
        124,
        124,
        null,
        124,
        124,
        null,
        null,
        1,
        null,
        null,
        null,
        1,
        0,
        null,
        null,
        null
      ],
      "/Users/halan/Code/punchclock/app/inputs/datepicker_input.rb": [
        1,
        1,
        42,
        42,
        0,
        null,
        42,
        null,
        null,
        null,
        1,
        42,
        null,
        null
      ],
      "/Users/halan/Code/punchclock/gem/ruby/2.1.0/gems/actionpack-4.0.2/lib/action_view/helpers/tags/text_field.rb": [
        1,
        1,
        1,
        1,
        1,
        57,
        57,
        57,
        102,
        57,
        57,
        57,
        null,
        null,
        1,
        1,
        114,
        null,
        null,
        null,
        1,
        null,
        1,
        114,
        null,
        null,
        null,
        null,
        null
      ],
      "/Users/halan/Code/punchclock/gem/ruby/2.1.0/gems/actionpack-4.0.2/lib/action_view/helpers/tags/collection_select.rb": [
        1,
        1,
        1,
        1,
        1,
        28,
        28,
        28,
        28,
        null,
        28,
        null,
        null,
        1,
        28,
        28,
        null,
        null,
        null,
        28,
        null,
        null,
        null,
        null,
        null,
        null,
        null,
        null
      ],
      "/Users/halan/Code/punchclock/gem/ruby/2.1.0/gems/actionpack-4.0.2/lib/action_view/helpers/tags/label.rb": [
        1,
        1,
        1,
        1,
        1,
        9,
        null,
        9,
        9,
        0,
        0,
        null,
        9,
        null,
        null,
        9,
        null,
        null,
        1,
        9,
        9,
        9,
        null,
        9,
        0,
        null,
        9,
        null,
        null,
        9,
        9,
        9,
        9,
        9,
        null,
        9,
        0,
        null,
        9,
        0,
        0,
        null,
        0,
        0,
        0,
        null,
        null,
        0,
        0,
        null,
        9,
        null,
        null,
        null,
        0,
        9,
        null,
        9,
        null,
        null,
        9,
        null,
        null,
        null,
        null,
        null
      ],
      "/Users/halan/Code/punchclock/gem/ruby/2.1.0/gems/actionpack-4.0.2/lib/action_view/helpers/tags/file_field.rb": [
        1,
        1,
        1,
        1,
        null,
        null,
        null,
        null
      ],
      "/Users/halan/Code/punchclock/gem/ruby/2.1.0/gems/actionpack-4.0.2/lib/action_view/helpers/tags/hidden_field.rb": [
        1,
        1,
        1,
        1,
        null,
        null,
        null,
        null
      ],
      "/Users/halan/Code/punchclock/gem/ruby/2.1.0/gems/actionpack-4.0.2/lib/action_view/helpers/tags/check_box.rb": [
        1,
        null,
        1,
        1,
        1,
        1,
        1,
        null,
        1,
        3,
        3,
        3,
        null,
        null,
        1,
        3,
        3,
        3,
        3,
        null,
        3,
        0,
        0,
        null,
        3,
        null,
        null,
        6,
        3,
        null,
        3,
        3,
        3,
        null,
        0,
        null,
        null,
        null,
        1,
        null,
        1,
        3,
        null,
        0,
        null,
        3,
        null,
        0,
        null,
        0,
        0,
        null,
        0,
        null,
        null,
        null,
        null,
        1,
        3,
        null,
        null,
        null,
        null,
        null
      ],
      "/Users/halan/Code/punchclock/gem/ruby/2.1.0/gems/actionpack-4.0.2/lib/action_view/helpers/tags/checkable.rb": [
        1,
        1,
        1,
        1,
        1,
        3,
        0,
        0,
        null,
        3,
        null,
        null,
        null,
        null,
        null,
        null
      ],
      "/Users/halan/Code/punchclock/gem/ruby/2.1.0/gems/actionpack-4.0.2/lib/action_view/helpers/tags/text_area.rb": [
        1,
        1,
        1,
        1,
        1,
        3,
        3,
        null,
        3,
        0,
        null,
        null,
        6,
        null,
        null,
        null,
        null,
        null
      ],
      "/Users/halan/Code/punchclock/gem/ruby/2.1.0/gems/rack-1.5.2/lib/rack/multipart/parser.rb": [
        1,
        null,
        1,
        1,
        1,
        1,
        null,
        1,
        3,
        null,
        null,
        1,
        3,
        null,
        2,
        null,
        2,
        21,
        null,
        null,
        null,
        21,
        21,
        21,
        null,
        21,
        null,
        null,
        21,
        null,
        21,
        null,
        null,
        21,
        null,
        null,
        2,
        null,
        2,
        null,
        null,
        1,
        1,
        3,
        null,
        2,
        null,
        2,
        2,
        null,
        2,
        2,
        null,
        2,
        null,
        2,
        2,
        2,
        null,
        2,
        null,
        null,
        1,
        2,
        null,
        null,
        1,
        42,
        null,
        null,
        1,
        2,
        2,
        2,
        2,
        null,
        2,
        2,
        2,
        null,
        null,
        0,
        null,
        null,
        null,
        1,
        21,
        21,
        21,
        21,
        null,
        21,
        21,
        21,
        null,
        21,
        null,
        21,
        21,
        null,
        21,
        null,
        21,
        2,
        2,
        null,
        null,
        21,
        null,
        null,
        null,
        0,
        0,
        null,
        null,
        0,
        0,
        null,
        0,
        0,
        null,
        null,
        21,
        null,
        null,
        1,
        21,
        21,
        0,
        0,
        null,
        2,
        null,
        0,
        null,
        null,
        21,
        2,
        null,
        21,
        2,
        null,
        21,
        null,
        null,
        1,
        21,
        21,
        null,
        2,
        null,
        0,
        null,
        null,
        null,
        null,
        null,
        0,
        null,
        0,
        null,
        null,
        0,
        null,
        null,
        0,
        null,
        null,
        19,
        null,
        null,
        19,
        null,
        null,
        null,
        null
      ],
      "/Users/halan/Code/punchclock/lib/relative_time.rb": [
        1,
        1,
        6,
        6,
        6,
        null,
        null,
        1,
        6,
        null,
        null
      ],
      "/Users/halan/Code/punchclock/gem/ruby/2.1.0/gems/rspec-expectations-2.14.1/lib/rspec/matchers/built_in/match.rb": [
        1,
        1,
        1,
        1,
        null,
        1,
        14,
        null,
        null,
        null,
        null,
        null
      ]
    },
    "timestamp": 1397698525
  }
}
